生成启动时间为 2012/10/26 0:53:17。
     1>项目“E:\计算机图形学\CGexperiment\CGexperiment\CGexperiment.vcxproj”在节点 2 上(build 个目标)。
     1>InitializeBuildStatus:
         正在创建“Debug\CGexperiment.unsuccessfulbuild”，因为已指定“AlwaysCreate”。
       ClCompile:
         d:\Software\Visual Studio 2010\VC\bin\CL.exe /c /ZI /nologo /W3 /WX- /Od /Oy- /D WIN32 /D _DEBUG /D _CONSOLE /D _UNICODE /D UNICODE /Gm /EHsc /RTC1 /MDd /GS /fp:precise /Zc:wchar_t /Zc:forScope /Fo"Debug\\" /Fd"Debug\vc100.pdb" /Gd /TP /analyze- /errorReport:prompt main.cpp
         main.cpp
       ManifestResourceCompile:
         所有输出均为最新。
       Link:
         d:\Software\Visual Studio 2010\VC\bin\link.exe /ERRORREPORT:PROMPT /OUT:"E:\计算机图形学\CGexperiment\Debug\CGexperiment.exe" /INCREMENTAL /NOLOGO kernel32.lib user32.lib gdi32.lib winspool.lib comdlg32.lib advapi32.lib shell32.lib ole32.lib oleaut32.lib uuid.lib odbc32.lib odbccp32.lib /MANIFEST /ManifestFile:"Debug\CGexperiment.exe.intermediate.manifest" /MANIFESTUAC:"level='asInvoker' uiAccess='false'" /DEBUG /PDB:"E:\计算机图形学\CGexperiment\Debug\CGexperiment.pdb" /SUBSYSTEM:CONSOLE /TLBID:1 /DYNAMICBASE /NXCOMPAT /IMPLIB:"E:\计算机图形学\CGexperiment\Debug\CGexperiment.lib" /MACHINE:X86 Debug\CGexperiment.exe.embed.manifest.res
         Debug\main.obj
       Manifest:
         C:\Program Files (x86)\Microsoft SDKs\Windows\v7.0A\bin\mt.exe /nologo /verbose /out:"Debug\CGexperiment.exe.embed.manifest" /manifest Debug\CGexperiment.exe.intermediate.manifest
         所有输出均为最新。
       LinkEmbedManifest:
         所有输出均为最新。
         CGexperiment.vcxproj -> E:\计算机图形学\CGexperiment\Debug\CGexperiment.exe
       FinalizeBuildStatus:
         正在删除文件“Debug\CGexperiment.unsuccessfulbuild”。
         正在对“Debug\CGexperiment.lastbuildstate”执行 Touch 任务。
     1>已完成生成项目“E:\计算机图形学\CGexperiment\CGexperiment\CGexperiment.vcxproj”(build 个目标)的操作。

生成成功。

已用时间 00:00:01.56
